# JRE version: Java(TM) SE Runtime Environment (21.0.5+9) (build 21.0.5+9-LTS-239)
# Java VM: Java HotSpot(TM) 64-Bit Server VM (21.0.5+9-LTS-239, mixed mode, sharing, tiered, compressed oops, compressed class ptrs, parallel gc, windows-amd64)
GC Precious Log:
 CardTable entry size: 512
 CPUs: 8 total, 8 available
 Memory: 7986M
 Large Page Support: Disabled
 NUMA Support: Disabled
 Compressed Oops: Enabled (32-bit)
 Alignments: Space 512K, Generation 512K, Heap 2M
 Heap Min Capacity: 100M
 Heap Initial Capacity: 100M
 Heap Max Capacity: 1G
 Pre-touch: Disabled
 Parallel Workers: 8
Heap:
 PSYoungGen      total 5632K, used 2030K [0x00000000eab00000, 0x00000000ed680000, 0x0000000100000000)
  eden space 3584K, 0% used [0x00000000eab00000,0x00000000eab00000,0x00000000eae80000)
  from space 2048K, 99% used [0x00000000ebc80000,0x00000000ebe7ba50,0x00000000ebe80000)
  to   space 14336K, 0% used [0x00000000eae80000,0x00000000eae80000,0x00000000ebc80000)
 ParOldGen       total 173056K, used 172626K [0x00000000c0000000, 0x00000000ca900000, 0x00000000eab00000)
  object space 173056K, 99% used [0x00000000c0000000,0x00000000ca894978,0x00000000ca900000)
 Metaspace       used 88585K, committed 90112K, reserved 1179648K
  class space    used 8609K, committed 9344K, reserved 1048576K
GC Heap History (20 events):
Event: 1346.786 GC heap after
{Heap after GC invocations=3273 (full 62):
 PSYoungGen      total 18432K, used 858K [0x00000000eab00000, 0x00000000ec100000, 0x0000000100000000)
  eden space 17408K, 0% used [0x00000000eab00000,0x00000000eab00000,0x00000000ebc00000)
  from space 1024K, 83% used [0x00000000ebf80000,0x00000000ec056900,0x00000000ec080000)
  to   space 512K, 0% used [0x00000000ec080000,0x00000000ec080000,0x00000000ec100000)
 ParOldGen       total 169984K, used 157516K [0x00000000c0000000, 0x00000000ca600000, 0x00000000eab00000)
  object space 169984K, 92% used [0x00000000c0000000,0x00000000c99d30b8,0x00000000ca600000)
 Metaspace       used 88576K, committed 90112K, reserved 1179648K
  class space    used 8609K, committed 9344K, reserved 1048576K
}
Event: 1346.828 GC heap before
{Heap before GC invocations=3274 (full 62):
 PSYoungGen      total 18432K, used 18266K [0x00000000eab00000, 0x00000000ec100000, 0x0000000100000000)
  eden space 17408K, 100% used [0x00000000eab00000,0x00000000ebc00000,0x00000000ebc00000)
  from space 1024K, 83% used [0x00000000ebf80000,0x00000000ec056900,0x00000000ec080000)
  to   space 512K, 0% used [0x00000000ec080000,0x00000000ec080000,0x00000000ec100000)
 ParOldGen       total 169984K, used 157516K [0x00000000c0000000, 0x00000000ca600000, 0x00000000eab00000)
  object space 169984K, 92% used [0x00000000c0000000,0x00000000c99d30b8,0x00000000ca600000)
 Metaspace       used 88576K, committed 90112K, reserved 1179648K
  class space    used 8609K, committed 9344K, reserved 1048576K
}
Event: 1346.830 GC heap after
{Heap after GC invocations=3274 (full 62):
 PSYoungGen      total 17920K, used 508K [0x00000000eab00000, 0x00000000ec400000, 0x0000000100000000)
  eden space 17408K, 0% used [0x00000000eab00000,0x00000000eab00000,0x00000000ebc00000)
  from space 512K, 99% used [0x00000000ec080000,0x00000000ec0ff080,0x00000000ec100000)
  to   space 4096K, 0% used [0x00000000ebc00000,0x00000000ebc00000,0x00000000ec000000)
 ParOldGen       total 169984K, used 160379K [0x00000000c0000000, 0x00000000ca600000, 0x00000000eab00000)
  object space 169984K, 94% used [0x00000000c0000000,0x00000000c9c9ef38,0x00000000ca600000)
 Metaspace       used 88576K, committed 90112K, reserved 1179648K
  class space    used 8609K, committed 9344K, reserved 1048576K
}
Event: 1347.089 GC heap before
{Heap before GC invocations=3275 (full 62):
 PSYoungGen      total 17920K, used 17916K [0x00000000eab00000, 0x00000000ec400000, 0x0000000100000000)
  eden space 17408K, 100% used [0x00000000eab00000,0x00000000ebc00000,0x00000000ebc00000)
  from space 512K, 99% used [0x00000000ec080000,0x00000000ec0ff080,0x00000000ec100000)
  to   space 4096K, 0% used [0x00000000ebc00000,0x00000000ebc00000,0x00000000ec000000)
 ParOldGen       total 169984K, used 160379K [0x00000000c0000000, 0x00000000ca600000, 0x00000000eab00000)
  object space 169984K, 94% used [0x00000000c0000000,0x00000000c9c9ef38,0x00000000ca600000)
 Metaspace       used 88576K, committed 90112K, reserved 1179648K
  class space    used 8609K, committed 9344K, reserved 1048576K
}
Event: 1347.091 GC heap after
{Heap after GC invocations=3275 (full 62):
 PSYoungGen      total 20480K, used 2622K [0x00000000eab00000, 0x00000000ec200000, 0x0000000100000000)
  eden space 17408K, 0% used [0x00000000eab00000,0x00000000eab00000,0x00000000ebc00000)
  from space 3072K, 85% used [0x00000000ebc00000,0x00000000ebe8f800,0x00000000ebf00000)
  to   space 3072K, 0% used [0x00000000ebf00000,0x00000000ebf00000,0x00000000ec200000)
 ParOldGen       total 169984K, used 160411K [0x00000000c0000000, 0x00000000ca600000, 0x00000000eab00000)
  object space 169984K, 94% used [0x00000000c0000000,0x00000000c9ca6f38,0x00000000ca600000)
 Metaspace       used 88576K, committed 90112K, reserved 1179648K
  class space    used 8609K, committed 9344K, reserved 1048576K
}
Event: 1347.127 GC heap before
{Heap before GC invocations=3276 (full 62):
 PSYoungGen      total 20480K, used 20029K [0x00000000eab00000, 0x00000000ec200000, 0x0000000100000000)
  eden space 17408K, 99% used [0x00000000eab00000,0x00000000ebbfffe8,0x00000000ebc00000)
  from space 3072K, 85% used [0x00000000ebc00000,0x00000000ebe8f800,0x00000000ebf00000)
  to   space 3072K, 0% used [0x00000000ebf00000,0x00000000ebf00000,0x00000000ec200000)
 ParOldGen       total 169984K, used 160411K [0x00000000c0000000, 0x00000000ca600000, 0x00000000eab00000)
  object space 169984K, 94% used [0x00000000c0000000,0x00000000c9ca6f38,0x00000000ca600000)
 Metaspace       used 88576K, committed 90112K, reserved 1179648K
  class space    used 8609K, committed 9344K, reserved 1048576K
}
Event: 1347.129 GC heap after
{Heap after GC invocations=3276 (full 62):
 PSYoungGen      total 18944K, used 3070K [0x00000000eab00000, 0x00000000ec500000, 0x0000000100000000)
  eden space 15872K, 0% used [0x00000000eab00000,0x00000000eab00000,0x00000000eba80000)
  from space 3072K, 99% used [0x00000000ebf00000,0x00000000ec1ff800,0x00000000ec200000)
  to   space 4608K, 0% used [0x00000000eba80000,0x00000000eba80000,0x00000000ebf00000)
 ParOldGen       total 169984K, used 161339K [0x00000000c0000000, 0x00000000ca600000, 0x00000000eab00000)
  object space 169984K, 94% used [0x00000000c0000000,0x00000000c9d8ef38,0x00000000ca600000)
 Metaspace       used 88576K, committed 90112K, reserved 1179648K
  class space    used 8609K, committed 9344K, reserved 1048576K
}
Event: 1350.215 GC heap before
{Heap before GC invocations=3277 (full 62):
 PSYoungGen      total 18944K, used 18942K [0x00000000eab00000, 0x00000000ec500000, 0x0000000100000000)
  eden space 15872K, 100% used [0x00000000eab00000,0x00000000eba80000,0x00000000eba80000)
  from space 3072K, 99% used [0x00000000ebf00000,0x00000000ec1ff800,0x00000000ec200000)
  to   space 4608K, 0% used [0x00000000eba80000,0x00000000eba80000,0x00000000ebf00000)
 ParOldGen       total 169984K, used 161339K [0x00000000c0000000, 0x00000000ca600000, 0x00000000eab00000)
  object space 169984K, 94% used [0x00000000c0000000,0x00000000c9d8ef38,0x00000000ca600000)
 Metaspace       used 88576K, committed 90112K, reserved 1179648K
  class space    used 8609K, committed 9344K, reserved 1048576K
}
Event: 1350.218 GC heap after
{Heap after GC invocations=3277 (full 62):
 PSYoungGen      total 18432K, used 2553K [0x00000000eab00000, 0x00000000ec180000, 0x0000000100000000)
  eden space 15872K, 0% used [0x00000000eab00000,0x00000000eab00000,0x00000000eba80000)
  from space 2560K, 99% used [0x00000000eba80000,0x00000000ebcfe410,0x00000000ebd00000)
  to   space 3584K, 0% used [0x00000000ebe00000,0x00000000ebe00000,0x00000000ec180000)
 ParOldGen       total 169984K, used 161616K [0x00000000c0000000, 0x00000000ca600000, 0x00000000eab00000)
  object space 169984K, 95% used [0x00000000c0000000,0x00000000c9dd4138,0x00000000ca600000)
 Metaspace       used 88576K, committed 90112K, reserved 1179648K
  class space    used 8609K, committed 9344K, reserved 1048576K
}
Event: 1353.782 GC heap before
{Heap before GC invocations=3278 (full 62):
 PSYoungGen      total 18432K, used 18425K [0x00000000eab00000, 0x00000000ec180000, 0x0000000100000000)
  eden space 15872K, 100% used [0x00000000eab00000,0x00000000eba80000,0x00000000eba80000)
  from space 2560K, 99% used [0x00000000eba80000,0x00000000ebcfe410,0x00000000ebd00000)
  to   space 3584K, 0% used [0x00000000ebe00000,0x00000000ebe00000,0x00000000ec180000)
 ParOldGen       total 169984K, used 161616K [0x00000000c0000000, 0x00000000ca600000, 0x00000000eab00000)
  object space 169984K, 95% used [0x00000000c0000000,0x00000000c9dd4138,0x00000000ca600000)
 Metaspace       used 88576K, committed 90112K, reserved 1179648K
  class space    used 8609K, committed 9344K, reserved 1048576K
}
Event: 1353.784 GC heap after
{Heap after GC invocations=3278 (full 62):
 PSYoungGen      total 17920K, used 1982K [0x00000000eab00000, 0x00000000ec000000, 0x0000000100000000)
  eden space 15872K, 0% used [0x00000000eab00000,0x00000000eab00000,0x00000000eba80000)
  from space 2048K, 96% used [0x00000000ebe00000,0x00000000ebfefb10,0x00000000ec000000)
  to   space 2560K, 0% used [0x00000000ebb00000,0x00000000ebb00000,0x00000000ebd80000)
 ParOldGen       total 169984K, used 161616K [0x00000000c0000000, 0x00000000ca600000, 0x00000000eab00000)
  object space 169984K, 95% used [0x00000000c0000000,0x00000000c9dd4138,0x00000000ca600000)
 Metaspace       used 88576K, committed 90112K, reserved 1179648K
  class space    used 8609K, committed 9344K, reserved 1048576K
}
Event: 1355.752 GC heap before
{Heap before GC invocations=3279 (full 62):
 PSYoungGen      total 17920K, used 17854K [0x00000000eab00000, 0x00000000ec000000, 0x0000000100000000)
  eden space 15872K, 100% used [0x00000000eab00000,0x00000000eba80000,0x00000000eba80000)
  from space 2048K, 96% used [0x00000000ebe00000,0x00000000ebfefb10,0x00000000ec000000)
  to   space 2560K, 0% used [0x00000000ebb00000,0x00000000ebb00000,0x00000000ebd80000)
 ParOldGen       total 169984K, used 161616K [0x00000000c0000000, 0x00000000ca600000, 0x00000000eab00000)
  object space 169984K, 95% used [0x00000000c0000000,0x00000000c9dd4138,0x00000000ca600000)
 Metaspace       used 88583K, committed 90112K, reserved 1179648K
  class space    used 8609K, committed 9344K, reserved 1048576K
}
Event: 1355.754 GC heap after
{Heap after GC invocations=3279 (full 62):
 PSYoungGen      total 17920K, used 1684K [0x00000000eab00000, 0x00000000ebe80000, 0x0000000100000000)
  eden space 15872K, 0% used [0x00000000eab00000,0x00000000eab00000,0x00000000eba80000)
  from space 2048K, 82% used [0x00000000ebb00000,0x00000000ebca5200,0x00000000ebd00000)
  to   space 1536K, 0% used [0x00000000ebd00000,0x00000000ebd00000,0x00000000ebe80000)
 ParOldGen       total 169984K, used 161616K [0x00000000c0000000, 0x00000000ca600000, 0x00000000eab00000)
  object space 169984K, 95% used [0x00000000c0000000,0x00000000c9dd4138,0x00000000ca600000)
 Metaspace       used 88583K, committed 90112K, reserved 1179648K
  class space    used 8609K, committed 9344K, reserved 1048576K
}
Event: 1356.432 GC heap before
{Heap before GC invocations=3280 (full 62):
 PSYoungGen      total 17920K, used 17556K [0x00000000eab00000, 0x00000000ebe80000, 0x0000000100000000)
  eden space 15872K, 100% used [0x00000000eab00000,0x00000000eba80000,0x00000000eba80000)
  from space 2048K, 82% used [0x00000000ebb00000,0x00000000ebca5200,0x00000000ebd00000)
  to   space 1536K, 0% used [0x00000000ebd00000,0x00000000ebd00000,0x00000000ebe80000)
 ParOldGen       total 169984K, used 161616K [0x00000000c0000000, 0x00000000ca600000, 0x00000000eab00000)
  object space 169984K, 95% used [0x00000000c0000000,0x00000000c9dd4138,0x00000000ca600000)
 Metaspace       used 88584K, committed 90112K, reserved 1179648K
  class space    used 8609K, committed 9344K, reserved 1048576K
}
Event: 1356.435 GC heap after
{Heap after GC invocations=3280 (full 62):
 PSYoungGen      total 17408K, used 1524K [0x00000000eab00000, 0x00000000ebe80000, 0x0000000100000000)
  eden space 15872K, 0% used [0x00000000eab00000,0x00000000eab00000,0x00000000eba80000)
  from space 1536K, 99% used [0x00000000ebd00000,0x00000000ebe7d200,0x00000000ebe80000)
  to   space 2048K, 0% used [0x00000000eba80000,0x00000000eba80000,0x00000000ebc80000)
 ParOldGen       total 169984K, used 161624K [0x00000000c0000000, 0x00000000ca600000, 0x00000000eab00000)
  object space 169984K, 95% used [0x00000000c0000000,0x00000000c9dd6138,0x00000000ca600000)
 Metaspace       used 88584K, committed 90112K, reserved 1179648K
  class space    used 8609K, committed 9344K, reserved 1048576K
}
Event: 1356.846 GC heap before
{Heap before GC invocations=3281 (full 62):
 PSYoungGen      total 17408K, used 17396K [0x00000000eab00000, 0x00000000ebe80000, 0x0000000100000000)
  eden space 15872K, 100% used [0x00000000eab00000,0x00000000eba80000,0x00000000eba80000)
  from space 1536K, 99% used [0x00000000ebd00000,0x00000000ebe7d200,0x00000000ebe80000)
  to   space 2048K, 0% used [0x00000000eba80000,0x00000000eba80000,0x00000000ebc80000)
 ParOldGen       total 169984K, used 161624K [0x00000000c0000000, 0x00000000ca600000, 0x00000000eab00000)
  object space 169984K, 95% used [0x00000000c0000000,0x00000000c9dd6138,0x00000000ca600000)
 Metaspace       used 88584K, committed 90112K, reserved 1179648K
  class space    used 8609K, committed 9344K, reserved 1048576K
}
Event: 1356.847 GC heap after
{Heap after GC invocations=3281 (full 62):
 PSYoungGen      total 17920K, used 1529K [0x00000000eab00000, 0x00000000ebe80000, 0x0000000100000000)
  eden space 15872K, 0% used [0x00000000eab00000,0x00000000eab00000,0x00000000eba80000)
  from space 2048K, 74% used [0x00000000eba80000,0x00000000ebbfe410,0x00000000ebc80000)
  to   space 2048K, 0% used [0x00000000ebc80000,0x00000000ebc80000,0x00000000ebe80000)
 ParOldGen       total 169984K, used 162608K [0x00000000c0000000, 0x00000000ca600000, 0x00000000eab00000)
  object space 169984K, 95% used [0x00000000c0000000,0x00000000c9ecc138,0x00000000ca600000)
 Metaspace       used 88584K, committed 90112K, reserved 1179648K
  class space    used 8609K, committed 9344K, reserved 1048576K
}
Event: 1357.031 GC heap before
{Heap before GC invocations=3282 (full 62):
 PSYoungGen      total 17920K, used 17401K [0x00000000eab00000, 0x00000000ebe80000, 0x0000000100000000)
  eden space 15872K, 100% used [0x00000000eab00000,0x00000000eba80000,0x00000000eba80000)
  from space 2048K, 74% used [0x00000000eba80000,0x00000000ebbfe410,0x00000000ebc80000)
  to   space 2048K, 0% used [0x00000000ebc80000,0x00000000ebc80000,0x00000000ebe80000)
 ParOldGen       total 169984K, used 162608K [0x00000000c0000000, 0x00000000ca600000, 0x00000000eab00000)
  object space 169984K, 95% used [0x00000000c0000000,0x00000000c9ecc138,0x00000000ca600000)
 Metaspace       used 88585K, committed 90112K, reserved 1179648K
  class space    used 8609K, committed 9344K, reserved 1048576K
}
Event: 1357.041 GC heap after
{Heap after GC invocations=3282 (full 62):
 PSYoungGen      total 5632K, used 2030K [0x00000000eab00000, 0x00000000ed680000, 0x0000000100000000)
  eden space 3584K, 0% used [0x00000000eab00000,0x00000000eab00000,0x00000000eae80000)
  from space 2048K, 99% used [0x00000000ebc80000,0x00000000ebe7ba50,0x00000000ebe80000)
  to   space 14336K, 0% used [0x00000000eae80000,0x00000000eae80000,0x00000000ebc80000)
 ParOldGen       total 173056K, used 172626K [0x00000000c0000000, 0x00000000ca900000, 0x00000000eab00000)
  object space 173056K, 99% used [0x00000000c0000000,0x00000000ca894978,0x00000000ca900000)
 Metaspace       used 88585K, committed 90112K, reserved 1179648K
  class space    used 8609K, committed 9344K, reserved 1048576K
}
Event: 1357.041 GC heap before
{Heap before GC invocations=3283 (full 63):
 PSYoungGen      total 5632K, used 2030K [0x00000000eab00000, 0x00000000ed680000, 0x0000000100000000)
  eden space 3584K, 0% used [0x00000000eab00000,0x00000000eab00000,0x00000000eae80000)
  from space 2048K, 99% used [0x00000000ebc80000,0x00000000ebe7ba50,0x00000000ebe80000)
  to   space 14336K, 0% used [0x00000000eae80000,0x00000000eae80000,0x00000000ebc80000)
 ParOldGen       total 173056K, used 172626K [0x00000000c0000000, 0x00000000ca900000, 0x00000000eab00000)
  object space 173056K, 99% used [0x00000000c0000000,0x00000000ca894978,0x00000000ca900000)
 Metaspace       used 88585K, committed 90112K, reserved 1179648K
  class space    used 8609K, committed 9344K, reserved 1048576K
}

